running 1
Traceback (most recent call last):
  File "dectree.py", line 37, in <module>
    dtc = DT(X, Y)
  File "/data2/topol/decision_tree/src/model_train.py", line 18, in DT
    dtc = dtc.fit(X, Y)
  File "/home/topol/env/anaconda3/lib/python3.6/site-packages/sklearn/tree/tree.py", line 790, in fit
    X_idx_sorted=X_idx_sorted)
  File "/home/topol/env/anaconda3/lib/python3.6/site-packages/sklearn/tree/tree.py", line 116, in fit
    X = check_array(X, dtype=DTYPE, accept_sparse="csc")
  File "/home/topol/env/anaconda3/lib/python3.6/site-packages/sklearn/utils/validation.py", line 470, in check_array
    context))
ValueError: Found array with 0 feature(s) (shape=(10000, 0)) while a minimum of 1 is required.
running 2
Traceback (most recent call last):
  File "dectree.py", line 37, in <module>
    dtc = DT(X, Y)
  File "/data2/topol/decision_tree/src/model_train.py", line 18, in DT
    dtc = dtc.fit(X, Y)
  File "/home/topol/env/anaconda3/lib/python3.6/site-packages/sklearn/tree/tree.py", line 790, in fit
    X_idx_sorted=X_idx_sorted)
  File "/home/topol/env/anaconda3/lib/python3.6/site-packages/sklearn/tree/tree.py", line 116, in fit
    X = check_array(X, dtype=DTYPE, accept_sparse="csc")
  File "/home/topol/env/anaconda3/lib/python3.6/site-packages/sklearn/utils/validation.py", line 470, in check_array
    context))
ValueError: Found array with 0 feature(s) (shape=(10000, 0)) while a minimum of 1 is required.
running 3
Traceback (most recent call last):
  File "dectree.py", line 37, in <module>
    dtc = DT(X, Y)
  File "/data2/topol/decision_tree/src/model_train.py", line 18, in DT
    dtc = dtc.fit(X, Y)
  File "/home/topol/env/anaconda3/lib/python3.6/site-packages/sklearn/tree/tree.py", line 790, in fit
    X_idx_sorted=X_idx_sorted)
  File "/home/topol/env/anaconda3/lib/python3.6/site-packages/sklearn/tree/tree.py", line 116, in fit
    X = check_array(X, dtype=DTYPE, accept_sparse="csc")
  File "/home/topol/env/anaconda3/lib/python3.6/site-packages/sklearn/utils/validation.py", line 470, in check_array
    context))
ValueError: Found array with 0 feature(s) (shape=(10000, 0)) while a minimum of 1 is required.
running 4
Traceback (most recent call last):
  File "dectree.py", line 37, in <module>
    dtc = DT(X, Y)
  File "/data2/topol/decision_tree/src/model_train.py", line 18, in DT
    dtc = dtc.fit(X, Y)
  File "/home/topol/env/anaconda3/lib/python3.6/site-packages/sklearn/tree/tree.py", line 790, in fit
    X_idx_sorted=X_idx_sorted)
  File "/home/topol/env/anaconda3/lib/python3.6/site-packages/sklearn/tree/tree.py", line 116, in fit
    X = check_array(X, dtype=DTYPE, accept_sparse="csc")
  File "/home/topol/env/anaconda3/lib/python3.6/site-packages/sklearn/utils/validation.py", line 470, in check_array
    context))
ValueError: Found array with 0 feature(s) (shape=(10000, 0)) while a minimum of 1 is required.
running 5
Traceback (most recent call last):
  File "dectree.py", line 37, in <module>
    dtc = DT(X, Y)
  File "/data2/topol/decision_tree/src/model_train.py", line 18, in DT
    dtc = dtc.fit(X, Y)
  File "/home/topol/env/anaconda3/lib/python3.6/site-packages/sklearn/tree/tree.py", line 790, in fit
    X_idx_sorted=X_idx_sorted)
  File "/home/topol/env/anaconda3/lib/python3.6/site-packages/sklearn/tree/tree.py", line 116, in fit
    X = check_array(X, dtype=DTYPE, accept_sparse="csc")
  File "/home/topol/env/anaconda3/lib/python3.6/site-packages/sklearn/utils/validation.py", line 470, in check_array
    context))
ValueError: Found array with 0 feature(s) (shape=(10000, 0)) while a minimum of 1 is required.
running 6
Traceback (most recent call last):
  File "dectree.py", line 37, in <module>
    dtc = DT(X, Y)
  File "/data2/topol/decision_tree/src/model_train.py", line 18, in DT
    dtc = dtc.fit(X, Y)
  File "/home/topol/env/anaconda3/lib/python3.6/site-packages/sklearn/tree/tree.py", line 790, in fit
    X_idx_sorted=X_idx_sorted)
  File "/home/topol/env/anaconda3/lib/python3.6/site-packages/sklearn/tree/tree.py", line 116, in fit
    X = check_array(X, dtype=DTYPE, accept_sparse="csc")
  File "/home/topol/env/anaconda3/lib/python3.6/site-packages/sklearn/utils/validation.py", line 470, in check_array
    context))
ValueError: Found array with 0 feature(s) (shape=(10000, 0)) while a minimum of 1 is required.
running 7
Traceback (most recent call last):
  File "dectree.py", line 37, in <module>
    dtc = DT(X, Y)
  File "/data2/topol/decision_tree/src/model_train.py", line 18, in DT
    dtc = dtc.fit(X, Y)
  File "/home/topol/env/anaconda3/lib/python3.6/site-packages/sklearn/tree/tree.py", line 790, in fit
    X_idx_sorted=X_idx_sorted)
  File "/home/topol/env/anaconda3/lib/python3.6/site-packages/sklearn/tree/tree.py", line 116, in fit
    X = check_array(X, dtype=DTYPE, accept_sparse="csc")
  File "/home/topol/env/anaconda3/lib/python3.6/site-packages/sklearn/utils/validation.py", line 470, in check_array
    context))
ValueError: Found array with 0 feature(s) (shape=(10000, 0)) while a minimum of 1 is required.
running 8
Traceback (most recent call last):
  File "dectree.py", line 37, in <module>
    dtc = DT(X, Y)
  File "/data2/topol/decision_tree/src/model_train.py", line 18, in DT
    dtc = dtc.fit(X, Y)
  File "/home/topol/env/anaconda3/lib/python3.6/site-packages/sklearn/tree/tree.py", line 790, in fit
    X_idx_sorted=X_idx_sorted)
  File "/home/topol/env/anaconda3/lib/python3.6/site-packages/sklearn/tree/tree.py", line 116, in fit
    X = check_array(X, dtype=DTYPE, accept_sparse="csc")
  File "/home/topol/env/anaconda3/lib/python3.6/site-packages/sklearn/utils/validation.py", line 470, in check_array
    context))
ValueError: Found array with 0 feature(s) (shape=(10000, 0)) while a minimum of 1 is required.
running 9
Traceback (most recent call last):
  File "dectree.py", line 37, in <module>
    dtc = DT(X, Y)
  File "/data2/topol/decision_tree/src/model_train.py", line 18, in DT
    dtc = dtc.fit(X, Y)
  File "/home/topol/env/anaconda3/lib/python3.6/site-packages/sklearn/tree/tree.py", line 790, in fit
    X_idx_sorted=X_idx_sorted)
  File "/home/topol/env/anaconda3/lib/python3.6/site-packages/sklearn/tree/tree.py", line 116, in fit
    X = check_array(X, dtype=DTYPE, accept_sparse="csc")
  File "/home/topol/env/anaconda3/lib/python3.6/site-packages/sklearn/utils/validation.py", line 470, in check_array
    context))
ValueError: Found array with 0 feature(s) (shape=(10000, 0)) while a minimum of 1 is required.
running 10
Traceback (most recent call last):
  File "dectree.py", line 37, in <module>
    dtc = DT(X, Y)
  File "/data2/topol/decision_tree/src/model_train.py", line 18, in DT
    dtc = dtc.fit(X, Y)
  File "/home/topol/env/anaconda3/lib/python3.6/site-packages/sklearn/tree/tree.py", line 790, in fit
    X_idx_sorted=X_idx_sorted)
  File "/home/topol/env/anaconda3/lib/python3.6/site-packages/sklearn/tree/tree.py", line 116, in fit
    X = check_array(X, dtype=DTYPE, accept_sparse="csc")
  File "/home/topol/env/anaconda3/lib/python3.6/site-packages/sklearn/utils/validation.py", line 470, in check_array
    context))
ValueError: Found array with 0 feature(s) (shape=(10000, 0)) while a minimum of 1 is required.
running 11
Traceback (most recent call last):
  File "dectree.py", line 37, in <module>
    dtc = DT(X, Y)
  File "/data2/topol/decision_tree/src/model_train.py", line 18, in DT
    dtc = dtc.fit(X, Y)
  File "/home/topol/env/anaconda3/lib/python3.6/site-packages/sklearn/tree/tree.py", line 790, in fit
    X_idx_sorted=X_idx_sorted)
  File "/home/topol/env/anaconda3/lib/python3.6/site-packages/sklearn/tree/tree.py", line 116, in fit
    X = check_array(X, dtype=DTYPE, accept_sparse="csc")
  File "/home/topol/env/anaconda3/lib/python3.6/site-packages/sklearn/utils/validation.py", line 470, in check_array
    context))
ValueError: Found array with 0 feature(s) (shape=(10000, 0)) while a minimum of 1 is required.
running 12
Traceback (most recent call last):
  File "dectree.py", line 37, in <module>
    dtc = DT(X, Y)
  File "/data2/topol/decision_tree/src/model_train.py", line 18, in DT
    dtc = dtc.fit(X, Y)
  File "/home/topol/env/anaconda3/lib/python3.6/site-packages/sklearn/tree/tree.py", line 790, in fit
    X_idx_sorted=X_idx_sorted)
  File "/home/topol/env/anaconda3/lib/python3.6/site-packages/sklearn/tree/tree.py", line 116, in fit
    X = check_array(X, dtype=DTYPE, accept_sparse="csc")
  File "/home/topol/env/anaconda3/lib/python3.6/site-packages/sklearn/utils/validation.py", line 470, in check_array
    context))
ValueError: Found array with 0 feature(s) (shape=(10000, 0)) while a minimum of 1 is required.
running 13
Traceback (most recent call last):
  File "dectree.py", line 37, in <module>
    dtc = DT(X, Y)
  File "/data2/topol/decision_tree/src/model_train.py", line 18, in DT
    dtc = dtc.fit(X, Y)
  File "/home/topol/env/anaconda3/lib/python3.6/site-packages/sklearn/tree/tree.py", line 790, in fit
    X_idx_sorted=X_idx_sorted)
  File "/home/topol/env/anaconda3/lib/python3.6/site-packages/sklearn/tree/tree.py", line 116, in fit
    X = check_array(X, dtype=DTYPE, accept_sparse="csc")
  File "/home/topol/env/anaconda3/lib/python3.6/site-packages/sklearn/utils/validation.py", line 470, in check_array
    context))
ValueError: Found array with 0 feature(s) (shape=(10000, 0)) while a minimum of 1 is required.
running 14
Traceback (most recent call last):
  File "dectree.py", line 37, in <module>
    dtc = DT(X, Y)
  File "/data2/topol/decision_tree/src/model_train.py", line 18, in DT
    dtc = dtc.fit(X, Y)
  File "/home/topol/env/anaconda3/lib/python3.6/site-packages/sklearn/tree/tree.py", line 790, in fit
    X_idx_sorted=X_idx_sorted)
  File "/home/topol/env/anaconda3/lib/python3.6/site-packages/sklearn/tree/tree.py", line 116, in fit
    X = check_array(X, dtype=DTYPE, accept_sparse="csc")
  File "/home/topol/env/anaconda3/lib/python3.6/site-packages/sklearn/utils/validation.py", line 470, in check_array
    context))
ValueError: Found array with 0 feature(s) (shape=(10000, 0)) while a minimum of 1 is required.
running 15
Traceback (most recent call last):
  File "dectree.py", line 37, in <module>
    dtc = DT(X, Y)
  File "/data2/topol/decision_tree/src/model_train.py", line 18, in DT
    dtc = dtc.fit(X, Y)
  File "/home/topol/env/anaconda3/lib/python3.6/site-packages/sklearn/tree/tree.py", line 790, in fit
    X_idx_sorted=X_idx_sorted)
  File "/home/topol/env/anaconda3/lib/python3.6/site-packages/sklearn/tree/tree.py", line 116, in fit
    X = check_array(X, dtype=DTYPE, accept_sparse="csc")
  File "/home/topol/env/anaconda3/lib/python3.6/site-packages/sklearn/utils/validation.py", line 470, in check_array
    context))
ValueError: Found array with 0 feature(s) (shape=(10000, 0)) while a minimum of 1 is required.
running 16
Traceback (most recent call last):
  File "dectree.py", line 37, in <module>
    dtc = DT(X, Y)
  File "/data2/topol/decision_tree/src/model_train.py", line 18, in DT
    dtc = dtc.fit(X, Y)
  File "/home/topol/env/anaconda3/lib/python3.6/site-packages/sklearn/tree/tree.py", line 790, in fit
    X_idx_sorted=X_idx_sorted)
  File "/home/topol/env/anaconda3/lib/python3.6/site-packages/sklearn/tree/tree.py", line 116, in fit
    X = check_array(X, dtype=DTYPE, accept_sparse="csc")
  File "/home/topol/env/anaconda3/lib/python3.6/site-packages/sklearn/utils/validation.py", line 470, in check_array
    context))
ValueError: Found array with 0 feature(s) (shape=(10000, 0)) while a minimum of 1 is required.
running 17
Traceback (most recent call last):
  File "dectree.py", line 37, in <module>
    dtc = DT(X, Y)
  File "/data2/topol/decision_tree/src/model_train.py", line 18, in DT
    dtc = dtc.fit(X, Y)
  File "/home/topol/env/anaconda3/lib/python3.6/site-packages/sklearn/tree/tree.py", line 790, in fit
    X_idx_sorted=X_idx_sorted)
  File "/home/topol/env/anaconda3/lib/python3.6/site-packages/sklearn/tree/tree.py", line 116, in fit
    X = check_array(X, dtype=DTYPE, accept_sparse="csc")
  File "/home/topol/env/anaconda3/lib/python3.6/site-packages/sklearn/utils/validation.py", line 470, in check_array
    context))
ValueError: Found array with 0 feature(s) (shape=(10000, 0)) while a minimum of 1 is required.
running 18
Traceback (most recent call last):
  File "dectree.py", line 37, in <module>
    dtc = DT(X, Y)
  File "/data2/topol/decision_tree/src/model_train.py", line 18, in DT
    dtc = dtc.fit(X, Y)
  File "/home/topol/env/anaconda3/lib/python3.6/site-packages/sklearn/tree/tree.py", line 790, in fit
    X_idx_sorted=X_idx_sorted)
  File "/home/topol/env/anaconda3/lib/python3.6/site-packages/sklearn/tree/tree.py", line 116, in fit
    X = check_array(X, dtype=DTYPE, accept_sparse="csc")
  File "/home/topol/env/anaconda3/lib/python3.6/site-packages/sklearn/utils/validation.py", line 470, in check_array
    context))
ValueError: Found array with 0 feature(s) (shape=(10000, 0)) while a minimum of 1 is required.
running 19
Traceback (most recent call last):
  File "dectree.py", line 37, in <module>
    dtc = DT(X, Y)
  File "/data2/topol/decision_tree/src/model_train.py", line 18, in DT
    dtc = dtc.fit(X, Y)
  File "/home/topol/env/anaconda3/lib/python3.6/site-packages/sklearn/tree/tree.py", line 790, in fit
    X_idx_sorted=X_idx_sorted)
  File "/home/topol/env/anaconda3/lib/python3.6/site-packages/sklearn/tree/tree.py", line 116, in fit
    X = check_array(X, dtype=DTYPE, accept_sparse="csc")
  File "/home/topol/env/anaconda3/lib/python3.6/site-packages/sklearn/utils/validation.py", line 470, in check_array
    context))
ValueError: Found array with 0 feature(s) (shape=(10000, 0)) while a minimum of 1 is required.
running 20
Traceback (most recent call last):
  File "dectree.py", line 37, in <module>
    dtc = DT(X, Y)
  File "/data2/topol/decision_tree/src/model_train.py", line 18, in DT
    dtc = dtc.fit(X, Y)
  File "/home/topol/env/anaconda3/lib/python3.6/site-packages/sklearn/tree/tree.py", line 790, in fit
    X_idx_sorted=X_idx_sorted)
  File "/home/topol/env/anaconda3/lib/python3.6/site-packages/sklearn/tree/tree.py", line 116, in fit
    X = check_array(X, dtype=DTYPE, accept_sparse="csc")
  File "/home/topol/env/anaconda3/lib/python3.6/site-packages/sklearn/utils/validation.py", line 470, in check_array
    context))
ValueError: Found array with 0 feature(s) (shape=(10000, 0)) while a minimum of 1 is required.
running 21
Traceback (most recent call last):
  File "dectree.py", line 37, in <module>
    dtc = DT(X, Y)
  File "/data2/topol/decision_tree/src/model_train.py", line 18, in DT
    dtc = dtc.fit(X, Y)
  File "/home/topol/env/anaconda3/lib/python3.6/site-packages/sklearn/tree/tree.py", line 790, in fit
    X_idx_sorted=X_idx_sorted)
  File "/home/topol/env/anaconda3/lib/python3.6/site-packages/sklearn/tree/tree.py", line 116, in fit
    X = check_array(X, dtype=DTYPE, accept_sparse="csc")
  File "/home/topol/env/anaconda3/lib/python3.6/site-packages/sklearn/utils/validation.py", line 470, in check_array
    context))
ValueError: Found array with 0 feature(s) (shape=(10000, 0)) while a minimum of 1 is required.
running 22
Traceback (most recent call last):
  File "dectree.py", line 37, in <module>
    dtc = DT(X, Y)
  File "/data2/topol/decision_tree/src/model_train.py", line 18, in DT
    dtc = dtc.fit(X, Y)
  File "/home/topol/env/anaconda3/lib/python3.6/site-packages/sklearn/tree/tree.py", line 790, in fit
    X_idx_sorted=X_idx_sorted)
  File "/home/topol/env/anaconda3/lib/python3.6/site-packages/sklearn/tree/tree.py", line 116, in fit
    X = check_array(X, dtype=DTYPE, accept_sparse="csc")
  File "/home/topol/env/anaconda3/lib/python3.6/site-packages/sklearn/utils/validation.py", line 470, in check_array
    context))
ValueError: Found array with 0 feature(s) (shape=(10000, 0)) while a minimum of 1 is required.
running 23
Traceback (most recent call last):
  File "dectree.py", line 37, in <module>
    dtc = DT(X, Y)
  File "/data2/topol/decision_tree/src/model_train.py", line 18, in DT
    dtc = dtc.fit(X, Y)
  File "/home/topol/env/anaconda3/lib/python3.6/site-packages/sklearn/tree/tree.py", line 790, in fit
    X_idx_sorted=X_idx_sorted)
  File "/home/topol/env/anaconda3/lib/python3.6/site-packages/sklearn/tree/tree.py", line 116, in fit
    X = check_array(X, dtype=DTYPE, accept_sparse="csc")
  File "/home/topol/env/anaconda3/lib/python3.6/site-packages/sklearn/utils/validation.py", line 470, in check_array
    context))
ValueError: Found array with 0 feature(s) (shape=(10000, 0)) while a minimum of 1 is required.
running 24
Traceback (most recent call last):
  File "dectree.py", line 37, in <module>
    dtc = DT(X, Y)
  File "/data2/topol/decision_tree/src/model_train.py", line 18, in DT
    dtc = dtc.fit(X, Y)
  File "/home/topol/env/anaconda3/lib/python3.6/site-packages/sklearn/tree/tree.py", line 790, in fit
    X_idx_sorted=X_idx_sorted)
  File "/home/topol/env/anaconda3/lib/python3.6/site-packages/sklearn/tree/tree.py", line 116, in fit
    X = check_array(X, dtype=DTYPE, accept_sparse="csc")
  File "/home/topol/env/anaconda3/lib/python3.6/site-packages/sklearn/utils/validation.py", line 470, in check_array
    context))
ValueError: Found array with 0 feature(s) (shape=(10000, 0)) while a minimum of 1 is required.
running 25
Traceback (most recent call last):
  File "dectree.py", line 37, in <module>
    dtc = DT(X, Y)
  File "/data2/topol/decision_tree/src/model_train.py", line 18, in DT
    dtc = dtc.fit(X, Y)
  File "/home/topol/env/anaconda3/lib/python3.6/site-packages/sklearn/tree/tree.py", line 790, in fit
    X_idx_sorted=X_idx_sorted)
  File "/home/topol/env/anaconda3/lib/python3.6/site-packages/sklearn/tree/tree.py", line 116, in fit
    X = check_array(X, dtype=DTYPE, accept_sparse="csc")
  File "/home/topol/env/anaconda3/lib/python3.6/site-packages/sklearn/utils/validation.py", line 470, in check_array
    context))
ValueError: Found array with 0 feature(s) (shape=(10000, 0)) while a minimum of 1 is required.
running 26
Traceback (most recent call last):
  File "dectree.py", line 37, in <module>
    dtc = DT(X, Y)
  File "/data2/topol/decision_tree/src/model_train.py", line 18, in DT
    dtc = dtc.fit(X, Y)
  File "/home/topol/env/anaconda3/lib/python3.6/site-packages/sklearn/tree/tree.py", line 790, in fit
    X_idx_sorted=X_idx_sorted)
  File "/home/topol/env/anaconda3/lib/python3.6/site-packages/sklearn/tree/tree.py", line 116, in fit
    X = check_array(X, dtype=DTYPE, accept_sparse="csc")
  File "/home/topol/env/anaconda3/lib/python3.6/site-packages/sklearn/utils/validation.py", line 470, in check_array
    context))
ValueError: Found array with 0 feature(s) (shape=(10000, 0)) while a minimum of 1 is required.
running 27
Traceback (most recent call last):
  File "dectree.py", line 37, in <module>
    dtc = DT(X, Y)
  File "/data2/topol/decision_tree/src/model_train.py", line 18, in DT
    dtc = dtc.fit(X, Y)
  File "/home/topol/env/anaconda3/lib/python3.6/site-packages/sklearn/tree/tree.py", line 790, in fit
    X_idx_sorted=X_idx_sorted)
  File "/home/topol/env/anaconda3/lib/python3.6/site-packages/sklearn/tree/tree.py", line 116, in fit
    X = check_array(X, dtype=DTYPE, accept_sparse="csc")
  File "/home/topol/env/anaconda3/lib/python3.6/site-packages/sklearn/utils/validation.py", line 470, in check_array
    context))
ValueError: Found array with 0 feature(s) (shape=(10000, 0)) while a minimum of 1 is required.
running 28
Traceback (most recent call last):
  File "dectree.py", line 37, in <module>
    dtc = DT(X, Y)
  File "/data2/topol/decision_tree/src/model_train.py", line 18, in DT
    dtc = dtc.fit(X, Y)
  File "/home/topol/env/anaconda3/lib/python3.6/site-packages/sklearn/tree/tree.py", line 790, in fit
    X_idx_sorted=X_idx_sorted)
  File "/home/topol/env/anaconda3/lib/python3.6/site-packages/sklearn/tree/tree.py", line 116, in fit
    X = check_array(X, dtype=DTYPE, accept_sparse="csc")
  File "/home/topol/env/anaconda3/lib/python3.6/site-packages/sklearn/utils/validation.py", line 470, in check_array
    context))
ValueError: Found array with 0 feature(s) (shape=(10000, 0)) while a minimum of 1 is required.
running 29
Traceback (most recent call last):
  File "dectree.py", line 37, in <module>
    dtc = DT(X, Y)
  File "/data2/topol/decision_tree/src/model_train.py", line 18, in DT
    dtc = dtc.fit(X, Y)
  File "/home/topol/env/anaconda3/lib/python3.6/site-packages/sklearn/tree/tree.py", line 790, in fit
    X_idx_sorted=X_idx_sorted)
  File "/home/topol/env/anaconda3/lib/python3.6/site-packages/sklearn/tree/tree.py", line 116, in fit
    X = check_array(X, dtype=DTYPE, accept_sparse="csc")
  File "/home/topol/env/anaconda3/lib/python3.6/site-packages/sklearn/utils/validation.py", line 470, in check_array
    context))
ValueError: Found array with 0 feature(s) (shape=(10000, 0)) while a minimum of 1 is required.
running 30
Traceback (most recent call last):
  File "dectree.py", line 37, in <module>
    dtc = DT(X, Y)
  File "/data2/topol/decision_tree/src/model_train.py", line 18, in DT
    dtc = dtc.fit(X, Y)
  File "/home/topol/env/anaconda3/lib/python3.6/site-packages/sklearn/tree/tree.py", line 790, in fit
    X_idx_sorted=X_idx_sorted)
  File "/home/topol/env/anaconda3/lib/python3.6/site-packages/sklearn/tree/tree.py", line 116, in fit
    X = check_array(X, dtype=DTYPE, accept_sparse="csc")
  File "/home/topol/env/anaconda3/lib/python3.6/site-packages/sklearn/utils/validation.py", line 470, in check_array
    context))
ValueError: Found array with 0 feature(s) (shape=(10000, 0)) while a minimum of 1 is required.
running 31
Traceback (most recent call last):
  File "dectree.py", line 37, in <module>
    dtc = DT(X, Y)
  File "/data2/topol/decision_tree/src/model_train.py", line 18, in DT
    dtc = dtc.fit(X, Y)
  File "/home/topol/env/anaconda3/lib/python3.6/site-packages/sklearn/tree/tree.py", line 790, in fit
    X_idx_sorted=X_idx_sorted)
  File "/home/topol/env/anaconda3/lib/python3.6/site-packages/sklearn/tree/tree.py", line 116, in fit
    X = check_array(X, dtype=DTYPE, accept_sparse="csc")
  File "/home/topol/env/anaconda3/lib/python3.6/site-packages/sklearn/utils/validation.py", line 470, in check_array
    context))
ValueError: Found array with 0 feature(s) (shape=(10000, 0)) while a minimum of 1 is required.
running 32
Traceback (most recent call last):
  File "dectree.py", line 37, in <module>
    dtc = DT(X, Y)
  File "/data2/topol/decision_tree/src/model_train.py", line 18, in DT
    dtc = dtc.fit(X, Y)
  File "/home/topol/env/anaconda3/lib/python3.6/site-packages/sklearn/tree/tree.py", line 790, in fit
    X_idx_sorted=X_idx_sorted)
  File "/home/topol/env/anaconda3/lib/python3.6/site-packages/sklearn/tree/tree.py", line 116, in fit
    X = check_array(X, dtype=DTYPE, accept_sparse="csc")
  File "/home/topol/env/anaconda3/lib/python3.6/site-packages/sklearn/utils/validation.py", line 470, in check_array
    context))
ValueError: Found array with 0 feature(s) (shape=(10000, 0)) while a minimum of 1 is required.
running 33
Traceback (most recent call last):
  File "dectree.py", line 37, in <module>
    dtc = DT(X, Y)
  File "/data2/topol/decision_tree/src/model_train.py", line 18, in DT
    dtc = dtc.fit(X, Y)
  File "/home/topol/env/anaconda3/lib/python3.6/site-packages/sklearn/tree/tree.py", line 790, in fit
    X_idx_sorted=X_idx_sorted)
  File "/home/topol/env/anaconda3/lib/python3.6/site-packages/sklearn/tree/tree.py", line 116, in fit
    X = check_array(X, dtype=DTYPE, accept_sparse="csc")
  File "/home/topol/env/anaconda3/lib/python3.6/site-packages/sklearn/utils/validation.py", line 470, in check_array
    context))
ValueError: Found array with 0 feature(s) (shape=(10000, 0)) while a minimum of 1 is required.
running 34
Traceback (most recent call last):
  File "dectree.py", line 37, in <module>
    dtc = DT(X, Y)
  File "/data2/topol/decision_tree/src/model_train.py", line 18, in DT
    dtc = dtc.fit(X, Y)
  File "/home/topol/env/anaconda3/lib/python3.6/site-packages/sklearn/tree/tree.py", line 790, in fit
    X_idx_sorted=X_idx_sorted)
  File "/home/topol/env/anaconda3/lib/python3.6/site-packages/sklearn/tree/tree.py", line 116, in fit
    X = check_array(X, dtype=DTYPE, accept_sparse="csc")
  File "/home/topol/env/anaconda3/lib/python3.6/site-packages/sklearn/utils/validation.py", line 470, in check_array
    context))
ValueError: Found array with 0 feature(s) (shape=(10000, 0)) while a minimum of 1 is required.
running 35
Traceback (most recent call last):
  File "dectree.py", line 37, in <module>
    dtc = DT(X, Y)
  File "/data2/topol/decision_tree/src/model_train.py", line 18, in DT
    dtc = dtc.fit(X, Y)
  File "/home/topol/env/anaconda3/lib/python3.6/site-packages/sklearn/tree/tree.py", line 790, in fit
    X_idx_sorted=X_idx_sorted)
  File "/home/topol/env/anaconda3/lib/python3.6/site-packages/sklearn/tree/tree.py", line 116, in fit
    X = check_array(X, dtype=DTYPE, accept_sparse="csc")
  File "/home/topol/env/anaconda3/lib/python3.6/site-packages/sklearn/utils/validation.py", line 470, in check_array
    context))
ValueError: Found array with 0 feature(s) (shape=(10000, 0)) while a minimum of 1 is required.
running 36
Traceback (most recent call last):
  File "dectree.py", line 37, in <module>
    dtc = DT(X, Y)
  File "/data2/topol/decision_tree/src/model_train.py", line 18, in DT
    dtc = dtc.fit(X, Y)
  File "/home/topol/env/anaconda3/lib/python3.6/site-packages/sklearn/tree/tree.py", line 790, in fit
    X_idx_sorted=X_idx_sorted)
  File "/home/topol/env/anaconda3/lib/python3.6/site-packages/sklearn/tree/tree.py", line 116, in fit
    X = check_array(X, dtype=DTYPE, accept_sparse="csc")
  File "/home/topol/env/anaconda3/lib/python3.6/site-packages/sklearn/utils/validation.py", line 470, in check_array
    context))
ValueError: Found array with 0 feature(s) (shape=(10000, 0)) while a minimum of 1 is required.
running 37
Traceback (most recent call last):
  File "dectree.py", line 37, in <module>
    dtc = DT(X, Y)
  File "/data2/topol/decision_tree/src/model_train.py", line 18, in DT
    dtc = dtc.fit(X, Y)
  File "/home/topol/env/anaconda3/lib/python3.6/site-packages/sklearn/tree/tree.py", line 790, in fit
    X_idx_sorted=X_idx_sorted)
  File "/home/topol/env/anaconda3/lib/python3.6/site-packages/sklearn/tree/tree.py", line 116, in fit
    X = check_array(X, dtype=DTYPE, accept_sparse="csc")
  File "/home/topol/env/anaconda3/lib/python3.6/site-packages/sklearn/utils/validation.py", line 470, in check_array
    context))
ValueError: Found array with 0 feature(s) (shape=(10000, 0)) while a minimum of 1 is required.
running 38
Traceback (most recent call last):
  File "dectree.py", line 37, in <module>
    dtc = DT(X, Y)
  File "/data2/topol/decision_tree/src/model_train.py", line 18, in DT
    dtc = dtc.fit(X, Y)
  File "/home/topol/env/anaconda3/lib/python3.6/site-packages/sklearn/tree/tree.py", line 790, in fit
    X_idx_sorted=X_idx_sorted)
  File "/home/topol/env/anaconda3/lib/python3.6/site-packages/sklearn/tree/tree.py", line 116, in fit
    X = check_array(X, dtype=DTYPE, accept_sparse="csc")
  File "/home/topol/env/anaconda3/lib/python3.6/site-packages/sklearn/utils/validation.py", line 470, in check_array
    context))
ValueError: Found array with 0 feature(s) (shape=(10000, 0)) while a minimum of 1 is required.
running 39
Traceback (most recent call last):
  File "dectree.py", line 37, in <module>
    dtc = DT(X, Y)
  File "/data2/topol/decision_tree/src/model_train.py", line 18, in DT
    dtc = dtc.fit(X, Y)
  File "/home/topol/env/anaconda3/lib/python3.6/site-packages/sklearn/tree/tree.py", line 790, in fit
    X_idx_sorted=X_idx_sorted)
  File "/home/topol/env/anaconda3/lib/python3.6/site-packages/sklearn/tree/tree.py", line 116, in fit
    X = check_array(X, dtype=DTYPE, accept_sparse="csc")
  File "/home/topol/env/anaconda3/lib/python3.6/site-packages/sklearn/utils/validation.py", line 470, in check_array
    context))
ValueError: Found array with 0 feature(s) (shape=(10000, 0)) while a minimum of 1 is required.
running 40
Traceback (most recent call last):
  File "dectree.py", line 37, in <module>
    dtc = DT(X, Y)
  File "/data2/topol/decision_tree/src/model_train.py", line 18, in DT
    dtc = dtc.fit(X, Y)
  File "/home/topol/env/anaconda3/lib/python3.6/site-packages/sklearn/tree/tree.py", line 790, in fit
    X_idx_sorted=X_idx_sorted)
  File "/home/topol/env/anaconda3/lib/python3.6/site-packages/sklearn/tree/tree.py", line 116, in fit
    X = check_array(X, dtype=DTYPE, accept_sparse="csc")
  File "/home/topol/env/anaconda3/lib/python3.6/site-packages/sklearn/utils/validation.py", line 470, in check_array
    context))
ValueError: Found array with 0 feature(s) (shape=(10000, 0)) while a minimum of 1 is required.
running 41
Traceback (most recent call last):
  File "dectree.py", line 37, in <module>
    dtc = DT(X, Y)
  File "/data2/topol/decision_tree/src/model_train.py", line 18, in DT
    dtc = dtc.fit(X, Y)
  File "/home/topol/env/anaconda3/lib/python3.6/site-packages/sklearn/tree/tree.py", line 790, in fit
    X_idx_sorted=X_idx_sorted)
  File "/home/topol/env/anaconda3/lib/python3.6/site-packages/sklearn/tree/tree.py", line 116, in fit
    X = check_array(X, dtype=DTYPE, accept_sparse="csc")
  File "/home/topol/env/anaconda3/lib/python3.6/site-packages/sklearn/utils/validation.py", line 470, in check_array
    context))
ValueError: Found array with 0 feature(s) (shape=(10000, 0)) while a minimum of 1 is required.
running 42
Traceback (most recent call last):
  File "dectree.py", line 37, in <module>
    dtc = DT(X, Y)
  File "/data2/topol/decision_tree/src/model_train.py", line 18, in DT
    dtc = dtc.fit(X, Y)
  File "/home/topol/env/anaconda3/lib/python3.6/site-packages/sklearn/tree/tree.py", line 790, in fit
    X_idx_sorted=X_idx_sorted)
  File "/home/topol/env/anaconda3/lib/python3.6/site-packages/sklearn/tree/tree.py", line 116, in fit
    X = check_array(X, dtype=DTYPE, accept_sparse="csc")
  File "/home/topol/env/anaconda3/lib/python3.6/site-packages/sklearn/utils/validation.py", line 470, in check_array
    context))
ValueError: Found array with 0 feature(s) (shape=(10000, 0)) while a minimum of 1 is required.
running 43
Traceback (most recent call last):
  File "dectree.py", line 37, in <module>
    dtc = DT(X, Y)
  File "/data2/topol/decision_tree/src/model_train.py", line 18, in DT
    dtc = dtc.fit(X, Y)
  File "/home/topol/env/anaconda3/lib/python3.6/site-packages/sklearn/tree/tree.py", line 790, in fit
    X_idx_sorted=X_idx_sorted)
  File "/home/topol/env/anaconda3/lib/python3.6/site-packages/sklearn/tree/tree.py", line 116, in fit
    X = check_array(X, dtype=DTYPE, accept_sparse="csc")
  File "/home/topol/env/anaconda3/lib/python3.6/site-packages/sklearn/utils/validation.py", line 470, in check_array
    context))
ValueError: Found array with 0 feature(s) (shape=(10000, 0)) while a minimum of 1 is required.
running 44
Traceback (most recent call last):
  File "dectree.py", line 37, in <module>
    dtc = DT(X, Y)
  File "/data2/topol/decision_tree/src/model_train.py", line 18, in DT
    dtc = dtc.fit(X, Y)
  File "/home/topol/env/anaconda3/lib/python3.6/site-packages/sklearn/tree/tree.py", line 790, in fit
    X_idx_sorted=X_idx_sorted)
  File "/home/topol/env/anaconda3/lib/python3.6/site-packages/sklearn/tree/tree.py", line 116, in fit
    X = check_array(X, dtype=DTYPE, accept_sparse="csc")
  File "/home/topol/env/anaconda3/lib/python3.6/site-packages/sklearn/utils/validation.py", line 470, in check_array
    context))
ValueError: Found array with 0 feature(s) (shape=(10000, 0)) while a minimum of 1 is required.
running 45
Traceback (most recent call last):
  File "dectree.py", line 37, in <module>
    dtc = DT(X, Y)
  File "/data2/topol/decision_tree/src/model_train.py", line 18, in DT
    dtc = dtc.fit(X, Y)
  File "/home/topol/env/anaconda3/lib/python3.6/site-packages/sklearn/tree/tree.py", line 790, in fit
    X_idx_sorted=X_idx_sorted)
  File "/home/topol/env/anaconda3/lib/python3.6/site-packages/sklearn/tree/tree.py", line 116, in fit
    X = check_array(X, dtype=DTYPE, accept_sparse="csc")
  File "/home/topol/env/anaconda3/lib/python3.6/site-packages/sklearn/utils/validation.py", line 470, in check_array
    context))
ValueError: Found array with 0 feature(s) (shape=(10000, 0)) while a minimum of 1 is required.
running 46
Traceback (most recent call last):
  File "dectree.py", line 37, in <module>
    dtc = DT(X, Y)
  File "/data2/topol/decision_tree/src/model_train.py", line 18, in DT
    dtc = dtc.fit(X, Y)
  File "/home/topol/env/anaconda3/lib/python3.6/site-packages/sklearn/tree/tree.py", line 790, in fit
    X_idx_sorted=X_idx_sorted)
  File "/home/topol/env/anaconda3/lib/python3.6/site-packages/sklearn/tree/tree.py", line 116, in fit
    X = check_array(X, dtype=DTYPE, accept_sparse="csc")
  File "/home/topol/env/anaconda3/lib/python3.6/site-packages/sklearn/utils/validation.py", line 470, in check_array
    context))
ValueError: Found array with 0 feature(s) (shape=(10000, 0)) while a minimum of 1 is required.
running 47
Traceback (most recent call last):
  File "dectree.py", line 37, in <module>
    dtc = DT(X, Y)
  File "/data2/topol/decision_tree/src/model_train.py", line 18, in DT
    dtc = dtc.fit(X, Y)
  File "/home/topol/env/anaconda3/lib/python3.6/site-packages/sklearn/tree/tree.py", line 790, in fit
    X_idx_sorted=X_idx_sorted)
  File "/home/topol/env/anaconda3/lib/python3.6/site-packages/sklearn/tree/tree.py", line 116, in fit
    X = check_array(X, dtype=DTYPE, accept_sparse="csc")
  File "/home/topol/env/anaconda3/lib/python3.6/site-packages/sklearn/utils/validation.py", line 470, in check_array
    context))
ValueError: Found array with 0 feature(s) (shape=(10000, 0)) while a minimum of 1 is required.
running 48
Traceback (most recent call last):
  File "dectree.py", line 37, in <module>
    dtc = DT(X, Y)
  File "/data2/topol/decision_tree/src/model_train.py", line 18, in DT
    dtc = dtc.fit(X, Y)
  File "/home/topol/env/anaconda3/lib/python3.6/site-packages/sklearn/tree/tree.py", line 790, in fit
    X_idx_sorted=X_idx_sorted)
  File "/home/topol/env/anaconda3/lib/python3.6/site-packages/sklearn/tree/tree.py", line 116, in fit
    X = check_array(X, dtype=DTYPE, accept_sparse="csc")
  File "/home/topol/env/anaconda3/lib/python3.6/site-packages/sklearn/utils/validation.py", line 470, in check_array
    context))
ValueError: Found array with 0 feature(s) (shape=(10000, 0)) while a minimum of 1 is required.
running 49
Traceback (most recent call last):
  File "dectree.py", line 37, in <module>
    dtc = DT(X, Y)
  File "/data2/topol/decision_tree/src/model_train.py", line 18, in DT
    dtc = dtc.fit(X, Y)
  File "/home/topol/env/anaconda3/lib/python3.6/site-packages/sklearn/tree/tree.py", line 790, in fit
    X_idx_sorted=X_idx_sorted)
  File "/home/topol/env/anaconda3/lib/python3.6/site-packages/sklearn/tree/tree.py", line 116, in fit
    X = check_array(X, dtype=DTYPE, accept_sparse="csc")
  File "/home/topol/env/anaconda3/lib/python3.6/site-packages/sklearn/utils/validation.py", line 470, in check_array
    context))
ValueError: Found array with 0 feature(s) (shape=(10000, 0)) while a minimum of 1 is required.
running 50
Traceback (most recent call last):
  File "dectree.py", line 37, in <module>
    dtc = DT(X, Y)
  File "/data2/topol/decision_tree/src/model_train.py", line 18, in DT
    dtc = dtc.fit(X, Y)
  File "/home/topol/env/anaconda3/lib/python3.6/site-packages/sklearn/tree/tree.py", line 790, in fit
    X_idx_sorted=X_idx_sorted)
  File "/home/topol/env/anaconda3/lib/python3.6/site-packages/sklearn/tree/tree.py", line 116, in fit
    X = check_array(X, dtype=DTYPE, accept_sparse="csc")
  File "/home/topol/env/anaconda3/lib/python3.6/site-packages/sklearn/utils/validation.py", line 470, in check_array
    context))
ValueError: Found array with 0 feature(s) (shape=(10000, 0)) while a minimum of 1 is required.
running 51
Traceback (most recent call last):
  File "dectree.py", line 37, in <module>
    dtc = DT(X, Y)
  File "/data2/topol/decision_tree/src/model_train.py", line 18, in DT
    dtc = dtc.fit(X, Y)
  File "/home/topol/env/anaconda3/lib/python3.6/site-packages/sklearn/tree/tree.py", line 790, in fit
    X_idx_sorted=X_idx_sorted)
  File "/home/topol/env/anaconda3/lib/python3.6/site-packages/sklearn/tree/tree.py", line 116, in fit
    X = check_array(X, dtype=DTYPE, accept_sparse="csc")
  File "/home/topol/env/anaconda3/lib/python3.6/site-packages/sklearn/utils/validation.py", line 470, in check_array
    context))
ValueError: Found array with 0 feature(s) (shape=(10000, 0)) while a minimum of 1 is required.
running 52
Traceback (most recent call last):
  File "dectree.py", line 37, in <module>
    dtc = DT(X, Y)
  File "/data2/topol/decision_tree/src/model_train.py", line 18, in DT
    dtc = dtc.fit(X, Y)
  File "/home/topol/env/anaconda3/lib/python3.6/site-packages/sklearn/tree/tree.py", line 790, in fit
    X_idx_sorted=X_idx_sorted)
  File "/home/topol/env/anaconda3/lib/python3.6/site-packages/sklearn/tree/tree.py", line 116, in fit
    X = check_array(X, dtype=DTYPE, accept_sparse="csc")
  File "/home/topol/env/anaconda3/lib/python3.6/site-packages/sklearn/utils/validation.py", line 470, in check_array
    context))
ValueError: Found array with 0 feature(s) (shape=(10000, 0)) while a minimum of 1 is required.
running 53
Traceback (most recent call last):
  File "dectree.py", line 37, in <module>
    dtc = DT(X, Y)
  File "/data2/topol/decision_tree/src/model_train.py", line 18, in DT
    dtc = dtc.fit(X, Y)
  File "/home/topol/env/anaconda3/lib/python3.6/site-packages/sklearn/tree/tree.py", line 790, in fit
    X_idx_sorted=X_idx_sorted)
  File "/home/topol/env/anaconda3/lib/python3.6/site-packages/sklearn/tree/tree.py", line 116, in fit
    X = check_array(X, dtype=DTYPE, accept_sparse="csc")
  File "/home/topol/env/anaconda3/lib/python3.6/site-packages/sklearn/utils/validation.py", line 470, in check_array
    context))
ValueError: Found array with 0 feature(s) (shape=(10000, 0)) while a minimum of 1 is required.
running 54
Traceback (most recent call last):
  File "dectree.py", line 37, in <module>
    dtc = DT(X, Y)
  File "/data2/topol/decision_tree/src/model_train.py", line 18, in DT
    dtc = dtc.fit(X, Y)
  File "/home/topol/env/anaconda3/lib/python3.6/site-packages/sklearn/tree/tree.py", line 790, in fit
    X_idx_sorted=X_idx_sorted)
  File "/home/topol/env/anaconda3/lib/python3.6/site-packages/sklearn/tree/tree.py", line 116, in fit
    X = check_array(X, dtype=DTYPE, accept_sparse="csc")
  File "/home/topol/env/anaconda3/lib/python3.6/site-packages/sklearn/utils/validation.py", line 470, in check_array
    context))
ValueError: Found array with 0 feature(s) (shape=(10000, 0)) while a minimum of 1 is required.
running 55
Traceback (most recent call last):
  File "dectree.py", line 37, in <module>
    dtc = DT(X, Y)
  File "/data2/topol/decision_tree/src/model_train.py", line 18, in DT
    dtc = dtc.fit(X, Y)
  File "/home/topol/env/anaconda3/lib/python3.6/site-packages/sklearn/tree/tree.py", line 790, in fit
    X_idx_sorted=X_idx_sorted)
  File "/home/topol/env/anaconda3/lib/python3.6/site-packages/sklearn/tree/tree.py", line 116, in fit
    X = check_array(X, dtype=DTYPE, accept_sparse="csc")
  File "/home/topol/env/anaconda3/lib/python3.6/site-packages/sklearn/utils/validation.py", line 470, in check_array
    context))
ValueError: Found array with 0 feature(s) (shape=(10000, 0)) while a minimum of 1 is required.
running 56
Traceback (most recent call last):
  File "dectree.py", line 37, in <module>
    dtc = DT(X, Y)
  File "/data2/topol/decision_tree/src/model_train.py", line 18, in DT
    dtc = dtc.fit(X, Y)
  File "/home/topol/env/anaconda3/lib/python3.6/site-packages/sklearn/tree/tree.py", line 790, in fit
    X_idx_sorted=X_idx_sorted)
  File "/home/topol/env/anaconda3/lib/python3.6/site-packages/sklearn/tree/tree.py", line 116, in fit
    X = check_array(X, dtype=DTYPE, accept_sparse="csc")
  File "/home/topol/env/anaconda3/lib/python3.6/site-packages/sklearn/utils/validation.py", line 470, in check_array
    context))
ValueError: Found array with 0 feature(s) (shape=(10000, 0)) while a minimum of 1 is required.
running 57
Traceback (most recent call last):
  File "dectree.py", line 37, in <module>
    dtc = DT(X, Y)
  File "/data2/topol/decision_tree/src/model_train.py", line 18, in DT
    dtc = dtc.fit(X, Y)
  File "/home/topol/env/anaconda3/lib/python3.6/site-packages/sklearn/tree/tree.py", line 790, in fit
    X_idx_sorted=X_idx_sorted)
  File "/home/topol/env/anaconda3/lib/python3.6/site-packages/sklearn/tree/tree.py", line 116, in fit
    X = check_array(X, dtype=DTYPE, accept_sparse="csc")
  File "/home/topol/env/anaconda3/lib/python3.6/site-packages/sklearn/utils/validation.py", line 470, in check_array
    context))
ValueError: Found array with 0 feature(s) (shape=(10000, 0)) while a minimum of 1 is required.
running 58
Traceback (most recent call last):
  File "dectree.py", line 37, in <module>
    dtc = DT(X, Y)
  File "/data2/topol/decision_tree/src/model_train.py", line 18, in DT
    dtc = dtc.fit(X, Y)
  File "/home/topol/env/anaconda3/lib/python3.6/site-packages/sklearn/tree/tree.py", line 790, in fit
    X_idx_sorted=X_idx_sorted)
  File "/home/topol/env/anaconda3/lib/python3.6/site-packages/sklearn/tree/tree.py", line 116, in fit
    X = check_array(X, dtype=DTYPE, accept_sparse="csc")
  File "/home/topol/env/anaconda3/lib/python3.6/site-packages/sklearn/utils/validation.py", line 470, in check_array
    context))
ValueError: Found array with 0 feature(s) (shape=(10000, 0)) while a minimum of 1 is required.
running 59
Traceback (most recent call last):
  File "dectree.py", line 37, in <module>
    dtc = DT(X, Y)
  File "/data2/topol/decision_tree/src/model_train.py", line 18, in DT
    dtc = dtc.fit(X, Y)
  File "/home/topol/env/anaconda3/lib/python3.6/site-packages/sklearn/tree/tree.py", line 790, in fit
    X_idx_sorted=X_idx_sorted)
  File "/home/topol/env/anaconda3/lib/python3.6/site-packages/sklearn/tree/tree.py", line 116, in fit
    X = check_array(X, dtype=DTYPE, accept_sparse="csc")
  File "/home/topol/env/anaconda3/lib/python3.6/site-packages/sklearn/utils/validation.py", line 470, in check_array
    context))
ValueError: Found array with 0 feature(s) (shape=(10000, 0)) while a minimum of 1 is required.
running 60
Traceback (most recent call last):
  File "dectree.py", line 37, in <module>
    dtc = DT(X, Y)
  File "/data2/topol/decision_tree/src/model_train.py", line 18, in DT
    dtc = dtc.fit(X, Y)
  File "/home/topol/env/anaconda3/lib/python3.6/site-packages/sklearn/tree/tree.py", line 790, in fit
    X_idx_sorted=X_idx_sorted)
  File "/home/topol/env/anaconda3/lib/python3.6/site-packages/sklearn/tree/tree.py", line 116, in fit
    X = check_array(X, dtype=DTYPE, accept_sparse="csc")
  File "/home/topol/env/anaconda3/lib/python3.6/site-packages/sklearn/utils/validation.py", line 470, in check_array
    context))
ValueError: Found array with 0 feature(s) (shape=(10000, 0)) while a minimum of 1 is required.
running 61
Traceback (most recent call last):
  File "dectree.py", line 37, in <module>
    dtc = DT(X, Y)
  File "/data2/topol/decision_tree/src/model_train.py", line 18, in DT
    dtc = dtc.fit(X, Y)
  File "/home/topol/env/anaconda3/lib/python3.6/site-packages/sklearn/tree/tree.py", line 790, in fit
    X_idx_sorted=X_idx_sorted)
  File "/home/topol/env/anaconda3/lib/python3.6/site-packages/sklearn/tree/tree.py", line 116, in fit
    X = check_array(X, dtype=DTYPE, accept_sparse="csc")
  File "/home/topol/env/anaconda3/lib/python3.6/site-packages/sklearn/utils/validation.py", line 470, in check_array
    context))
ValueError: Found array with 0 feature(s) (shape=(10000, 0)) while a minimum of 1 is required.
running 62
Traceback (most recent call last):
  File "dectree.py", line 37, in <module>
    dtc = DT(X, Y)
  File "/data2/topol/decision_tree/src/model_train.py", line 18, in DT
    dtc = dtc.fit(X, Y)
  File "/home/topol/env/anaconda3/lib/python3.6/site-packages/sklearn/tree/tree.py", line 790, in fit
    X_idx_sorted=X_idx_sorted)
  File "/home/topol/env/anaconda3/lib/python3.6/site-packages/sklearn/tree/tree.py", line 116, in fit
    X = check_array(X, dtype=DTYPE, accept_sparse="csc")
  File "/home/topol/env/anaconda3/lib/python3.6/site-packages/sklearn/utils/validation.py", line 470, in check_array
    context))
ValueError: Found array with 0 feature(s) (shape=(10000, 0)) while a minimum of 1 is required.
running 63
Traceback (most recent call last):
  File "dectree.py", line 37, in <module>
    dtc = DT(X, Y)
  File "/data2/topol/decision_tree/src/model_train.py", line 18, in DT
    dtc = dtc.fit(X, Y)
  File "/home/topol/env/anaconda3/lib/python3.6/site-packages/sklearn/tree/tree.py", line 790, in fit
    X_idx_sorted=X_idx_sorted)
  File "/home/topol/env/anaconda3/lib/python3.6/site-packages/sklearn/tree/tree.py", line 116, in fit
    X = check_array(X, dtype=DTYPE, accept_sparse="csc")
  File "/home/topol/env/anaconda3/lib/python3.6/site-packages/sklearn/utils/validation.py", line 470, in check_array
    context))
ValueError: Found array with 0 feature(s) (shape=(10000, 0)) while a minimum of 1 is required.
running 64
Traceback (most recent call last):
  File "dectree.py", line 37, in <module>
    dtc = DT(X, Y)
  File "/data2/topol/decision_tree/src/model_train.py", line 18, in DT
    dtc = dtc.fit(X, Y)
  File "/home/topol/env/anaconda3/lib/python3.6/site-packages/sklearn/tree/tree.py", line 790, in fit
    X_idx_sorted=X_idx_sorted)
  File "/home/topol/env/anaconda3/lib/python3.6/site-packages/sklearn/tree/tree.py", line 116, in fit
    X = check_array(X, dtype=DTYPE, accept_sparse="csc")
  File "/home/topol/env/anaconda3/lib/python3.6/site-packages/sklearn/utils/validation.py", line 470, in check_array
    context))
ValueError: Found array with 0 feature(s) (shape=(10000, 0)) while a minimum of 1 is required.
running 65
Traceback (most recent call last):
  File "dectree.py", line 37, in <module>
    dtc = DT(X, Y)
  File "/data2/topol/decision_tree/src/model_train.py", line 18, in DT
    dtc = dtc.fit(X, Y)
  File "/home/topol/env/anaconda3/lib/python3.6/site-packages/sklearn/tree/tree.py", line 790, in fit
    X_idx_sorted=X_idx_sorted)
  File "/home/topol/env/anaconda3/lib/python3.6/site-packages/sklearn/tree/tree.py", line 116, in fit
    X = check_array(X, dtype=DTYPE, accept_sparse="csc")
  File "/home/topol/env/anaconda3/lib/python3.6/site-packages/sklearn/utils/validation.py", line 470, in check_array
    context))
ValueError: Found array with 0 feature(s) (shape=(10000, 0)) while a minimum of 1 is required.
running 66
Traceback (most recent call last):
  File "dectree.py", line 37, in <module>
    dtc = DT(X, Y)
  File "/data2/topol/decision_tree/src/model_train.py", line 18, in DT
    dtc = dtc.fit(X, Y)
  File "/home/topol/env/anaconda3/lib/python3.6/site-packages/sklearn/tree/tree.py", line 790, in fit
    X_idx_sorted=X_idx_sorted)
  File "/home/topol/env/anaconda3/lib/python3.6/site-packages/sklearn/tree/tree.py", line 116, in fit
    X = check_array(X, dtype=DTYPE, accept_sparse="csc")
  File "/home/topol/env/anaconda3/lib/python3.6/site-packages/sklearn/utils/validation.py", line 470, in check_array
    context))
ValueError: Found array with 0 feature(s) (shape=(10000, 0)) while a minimum of 1 is required.
running 67
Traceback (most recent call last):
  File "dectree.py", line 37, in <module>
    dtc = DT(X, Y)
  File "/data2/topol/decision_tree/src/model_train.py", line 18, in DT
    dtc = dtc.fit(X, Y)
  File "/home/topol/env/anaconda3/lib/python3.6/site-packages/sklearn/tree/tree.py", line 790, in fit
    X_idx_sorted=X_idx_sorted)
  File "/home/topol/env/anaconda3/lib/python3.6/site-packages/sklearn/tree/tree.py", line 116, in fit
    X = check_array(X, dtype=DTYPE, accept_sparse="csc")
  File "/home/topol/env/anaconda3/lib/python3.6/site-packages/sklearn/utils/validation.py", line 470, in check_array
    context))
ValueError: Found array with 0 feature(s) (shape=(10000, 0)) while a minimum of 1 is required.
running 68
Traceback (most recent call last):
  File "dectree.py", line 37, in <module>
    dtc = DT(X, Y)
  File "/data2/topol/decision_tree/src/model_train.py", line 18, in DT
    dtc = dtc.fit(X, Y)
  File "/home/topol/env/anaconda3/lib/python3.6/site-packages/sklearn/tree/tree.py", line 790, in fit
    X_idx_sorted=X_idx_sorted)
  File "/home/topol/env/anaconda3/lib/python3.6/site-packages/sklearn/tree/tree.py", line 116, in fit
    X = check_array(X, dtype=DTYPE, accept_sparse="csc")
  File "/home/topol/env/anaconda3/lib/python3.6/site-packages/sklearn/utils/validation.py", line 470, in check_array
    context))
ValueError: Found array with 0 feature(s) (shape=(10000, 0)) while a minimum of 1 is required.
running 69
Traceback (most recent call last):
  File "dectree.py", line 37, in <module>
    dtc = DT(X, Y)
  File "/data2/topol/decision_tree/src/model_train.py", line 18, in DT
    dtc = dtc.fit(X, Y)
  File "/home/topol/env/anaconda3/lib/python3.6/site-packages/sklearn/tree/tree.py", line 790, in fit
    X_idx_sorted=X_idx_sorted)
  File "/home/topol/env/anaconda3/lib/python3.6/site-packages/sklearn/tree/tree.py", line 116, in fit
    X = check_array(X, dtype=DTYPE, accept_sparse="csc")
  File "/home/topol/env/anaconda3/lib/python3.6/site-packages/sklearn/utils/validation.py", line 470, in check_array
    context))
ValueError: Found array with 0 feature(s) (shape=(10000, 0)) while a minimum of 1 is required.
running 70
Traceback (most recent call last):
  File "dectree.py", line 37, in <module>
    dtc = DT(X, Y)
  File "/data2/topol/decision_tree/src/model_train.py", line 18, in DT
    dtc = dtc.fit(X, Y)
  File "/home/topol/env/anaconda3/lib/python3.6/site-packages/sklearn/tree/tree.py", line 790, in fit
    X_idx_sorted=X_idx_sorted)
  File "/home/topol/env/anaconda3/lib/python3.6/site-packages/sklearn/tree/tree.py", line 116, in fit
    X = check_array(X, dtype=DTYPE, accept_sparse="csc")
  File "/home/topol/env/anaconda3/lib/python3.6/site-packages/sklearn/utils/validation.py", line 470, in check_array
    context))
ValueError: Found array with 0 feature(s) (shape=(10000, 0)) while a minimum of 1 is required.
running 71
Traceback (most recent call last):
  File "dectree.py", line 37, in <module>
    dtc = DT(X, Y)
  File "/data2/topol/decision_tree/src/model_train.py", line 18, in DT
    dtc = dtc.fit(X, Y)
  File "/home/topol/env/anaconda3/lib/python3.6/site-packages/sklearn/tree/tree.py", line 790, in fit
    X_idx_sorted=X_idx_sorted)
  File "/home/topol/env/anaconda3/lib/python3.6/site-packages/sklearn/tree/tree.py", line 116, in fit
    X = check_array(X, dtype=DTYPE, accept_sparse="csc")
  File "/home/topol/env/anaconda3/lib/python3.6/site-packages/sklearn/utils/validation.py", line 470, in check_array
    context))
ValueError: Found array with 0 feature(s) (shape=(10000, 0)) while a minimum of 1 is required.
running 72
Traceback (most recent call last):
  File "dectree.py", line 37, in <module>
    dtc = DT(X, Y)
  File "/data2/topol/decision_tree/src/model_train.py", line 18, in DT
    dtc = dtc.fit(X, Y)
  File "/home/topol/env/anaconda3/lib/python3.6/site-packages/sklearn/tree/tree.py", line 790, in fit
    X_idx_sorted=X_idx_sorted)
  File "/home/topol/env/anaconda3/lib/python3.6/site-packages/sklearn/tree/tree.py", line 116, in fit
    X = check_array(X, dtype=DTYPE, accept_sparse="csc")
  File "/home/topol/env/anaconda3/lib/python3.6/site-packages/sklearn/utils/validation.py", line 470, in check_array
    context))
ValueError: Found array with 0 feature(s) (shape=(10000, 0)) while a minimum of 1 is required.
running 73
Traceback (most recent call last):
  File "dectree.py", line 37, in <module>
    dtc = DT(X, Y)
  File "/data2/topol/decision_tree/src/model_train.py", line 18, in DT
    dtc = dtc.fit(X, Y)
  File "/home/topol/env/anaconda3/lib/python3.6/site-packages/sklearn/tree/tree.py", line 790, in fit
    X_idx_sorted=X_idx_sorted)
  File "/home/topol/env/anaconda3/lib/python3.6/site-packages/sklearn/tree/tree.py", line 116, in fit
    X = check_array(X, dtype=DTYPE, accept_sparse="csc")
  File "/home/topol/env/anaconda3/lib/python3.6/site-packages/sklearn/utils/validation.py", line 470, in check_array
    context))
ValueError: Found array with 0 feature(s) (shape=(10000, 0)) while a minimum of 1 is required.
running 74
Traceback (most recent call last):
  File "dectree.py", line 37, in <module>
    dtc = DT(X, Y)
  File "/data2/topol/decision_tree/src/model_train.py", line 18, in DT
    dtc = dtc.fit(X, Y)
  File "/home/topol/env/anaconda3/lib/python3.6/site-packages/sklearn/tree/tree.py", line 790, in fit
    X_idx_sorted=X_idx_sorted)
  File "/home/topol/env/anaconda3/lib/python3.6/site-packages/sklearn/tree/tree.py", line 116, in fit
    X = check_array(X, dtype=DTYPE, accept_sparse="csc")
  File "/home/topol/env/anaconda3/lib/python3.6/site-packages/sklearn/utils/validation.py", line 470, in check_array
    context))
ValueError: Found array with 0 feature(s) (shape=(10000, 0)) while a minimum of 1 is required.
running 75
Traceback (most recent call last):
  File "dectree.py", line 37, in <module>
    dtc = DT(X, Y)
  File "/data2/topol/decision_tree/src/model_train.py", line 18, in DT
    dtc = dtc.fit(X, Y)
  File "/home/topol/env/anaconda3/lib/python3.6/site-packages/sklearn/tree/tree.py", line 790, in fit
    X_idx_sorted=X_idx_sorted)
  File "/home/topol/env/anaconda3/lib/python3.6/site-packages/sklearn/tree/tree.py", line 116, in fit
    X = check_array(X, dtype=DTYPE, accept_sparse="csc")
  File "/home/topol/env/anaconda3/lib/python3.6/site-packages/sklearn/utils/validation.py", line 470, in check_array
    context))
ValueError: Found array with 0 feature(s) (shape=(10000, 0)) while a minimum of 1 is required.
running 76
Traceback (most recent call last):
  File "dectree.py", line 37, in <module>
    dtc = DT(X, Y)
  File "/data2/topol/decision_tree/src/model_train.py", line 18, in DT
    dtc = dtc.fit(X, Y)
  File "/home/topol/env/anaconda3/lib/python3.6/site-packages/sklearn/tree/tree.py", line 790, in fit
    X_idx_sorted=X_idx_sorted)
  File "/home/topol/env/anaconda3/lib/python3.6/site-packages/sklearn/tree/tree.py", line 116, in fit
    X = check_array(X, dtype=DTYPE, accept_sparse="csc")
  File "/home/topol/env/anaconda3/lib/python3.6/site-packages/sklearn/utils/validation.py", line 470, in check_array
    context))
ValueError: Found array with 0 feature(s) (shape=(10000, 0)) while a minimum of 1 is required.
running 77
Traceback (most recent call last):
  File "dectree.py", line 37, in <module>
    dtc = DT(X, Y)
  File "/data2/topol/decision_tree/src/model_train.py", line 18, in DT
    dtc = dtc.fit(X, Y)
  File "/home/topol/env/anaconda3/lib/python3.6/site-packages/sklearn/tree/tree.py", line 790, in fit
    X_idx_sorted=X_idx_sorted)
  File "/home/topol/env/anaconda3/lib/python3.6/site-packages/sklearn/tree/tree.py", line 116, in fit
    X = check_array(X, dtype=DTYPE, accept_sparse="csc")
  File "/home/topol/env/anaconda3/lib/python3.6/site-packages/sklearn/utils/validation.py", line 470, in check_array
    context))
ValueError: Found array with 0 feature(s) (shape=(10000, 0)) while a minimum of 1 is required.
running 78
Traceback (most recent call last):
  File "dectree.py", line 37, in <module>
    dtc = DT(X, Y)
  File "/data2/topol/decision_tree/src/model_train.py", line 18, in DT
    dtc = dtc.fit(X, Y)
  File "/home/topol/env/anaconda3/lib/python3.6/site-packages/sklearn/tree/tree.py", line 790, in fit
    X_idx_sorted=X_idx_sorted)
  File "/home/topol/env/anaconda3/lib/python3.6/site-packages/sklearn/tree/tree.py", line 116, in fit
    X = check_array(X, dtype=DTYPE, accept_sparse="csc")
  File "/home/topol/env/anaconda3/lib/python3.6/site-packages/sklearn/utils/validation.py", line 470, in check_array
    context))
ValueError: Found array with 0 feature(s) (shape=(10000, 0)) while a minimum of 1 is required.
running 79
